This is pdfTeX, Version 3.141592653-2.6-1.40.27 (MiKTeX 25.4) (preloaded format=pdflatex 2025.12.30)  25 FEB 2026 21:18
entering extended mode
 restricted \write18 enabled.
 file:line:error style messages enabled.
 %&-line parsing enabled.
**"c:/Users/USER/OneDrive/Desktop/DIGITALIZACION/CCASSA/ARCHIVOS_PANEL FOTOGRÁFICO/panel.tex"
(c:/Users/USER/OneDrive/Desktop/DIGITALIZACION/CCASSA/ARCHIVOS_PANEL FOTOGRÁFICO/panel.tex
LaTeX2e <2023-11-01> patch level 1
L3 programming layer <2024-01-04>
(C:\Users\USER\AppData\Local\Programs\MiKTeX\tex/latex/base\article.cls
Document Class: article 2023/05/17 v1.4n Standard LaTeX document class
(C:\Users\USER\AppData\Local\Programs\MiKTeX\tex/latex/base\size12.clo
File: size12.clo 2023/05/17 v1.4n Standard LaTeX file (size option)
)
\c@part=\count187
\c@section=\count188
\c@subsection=\count189
\c@subsubsection=\count190
\c@paragraph=\count191
\c@subparagraph=\count192
\c@figure=\count193
\c@table=\count194
\abovecaptionskip=\skip48
\belowcaptionskip=\skip49
\bibindent=\dimen140
) (C:\Users\USER\AppData\Local\Programs\MiKTeX\tex/latex/base\inputenc.sty
Package: inputenc 2021/02/14 v1.3d Input encoding file
\inpenc@prehook=\toks17
\inpenc@posthook=\toks18
) (C:\Users\USER\AppData\Local\Programs\MiKTeX\tex/latex/base\fontenc.sty
Package: fontenc 2021/04/29 v2.0v Standard LaTeX package
) (C:\Users\USER\AppData\Local\Programs\MiKTeX\tex/generic/babel\babel.sty
Package: babel 2024/01/07 v24.1 The Babel package
\babel@savecnt=\count195
\U@D=\dimen141
\l@unhyphenated=\language79
 (C:\Users\USER\AppData\Local\Programs\MiKTeX\tex/generic/babel\txtbabel.def)
\bbl@readstream=\read2
\bbl@dirlevel=\count196

*************************************
* Local config file bblopts.cfg used
*
(C:\Users\USER\AppData\Local\Programs\MiKTeX\tex/latex/arabi\bblopts.cfg
File: bblopts.cfg 2005/09/08 v0.1 add Arabic and Farsi to "declared" options of babel
) (C:\Users\USER\AppData\Local\Programs\MiKTeX\tex/latex/babel-spanish\spanish.ldf
Language: spanish.ldf 2021/05/27 v5.0q Spanish support from the babel system
\es@quottoks=\toks19
\es@quotdepth=\count197
Package babel Info: Making " an active character on input line 570.
Package babel Info: Making < an active character on input line 722.
Package babel Info: Making > an active character on input line 722.
)) (C:\Users\USER\AppData\Local\Programs\MiKTeX\tex/generic/babel/locale/es\babel-spanish.tex
Package babel Info: Importing font and identification data for spanish
(babel)             from babel-es.ini. Reported on input line 11.
) (C:\Users\USER\AppData\Local\Programs\MiKTeX\tex/latex/graphics\graphicx.sty
Package: graphicx 2021/09/16 v1.2d Enhanced LaTeX Graphics (DPC,SPQR)
 (C:\Users\USER\AppData\Local\Programs\MiKTeX\tex/latex/graphics\keyval.sty
Package: keyval 2022/05/29 v1.15 key=value parser (DPC)
\KV@toks@=\toks20
) (C:\Users\USER\AppData\Local\Programs\MiKTeX\tex/latex/graphics\graphics.sty
Package: graphics 2022/03/10 v1.4e Standard LaTeX Graphics (DPC,SPQR)
 (C:\Users\USER\AppData\Local\Programs\MiKTeX\tex/latex/graphics\trig.sty
Package: trig 2021/08/11 v1.11 sin cos tan (DPC)
) (C:\Users\USER\AppData\Local\Programs\MiKTeX\tex/latex/graphics-cfg\graphics.cfg
File: graphics.cfg 2016/06/04 v1.11 sample graphics configuration
)
Package graphics Info: Driver file: pdftex.def on input line 107.
 (C:\Users\USER\AppData\Local\Programs\MiKTeX\tex/latex/graphics-def\pdftex.def
File: pdftex.def 2022/09/22 v1.2b Graphics/color driver for pdftex
))
\Gin@req@height=\dimen142
\Gin@req@width=\dimen143
) (C:\Users\USER\AppData\Local\Programs\MiKTeX\tex/latex/geometry\geometry.sty
Package: geometry 2020/01/02 v5.9 Page Geometry
 (C:\Users\USER\AppData\Local\Programs\MiKTeX\tex/generic/iftex\ifvtex.sty
Package: ifvtex 2019/10/25 v1.7 ifvtex legacy package. Use iftex instead.
 (C:\Users\USER\AppData\Local\Programs\MiKTeX\tex/generic/iftex\iftex.sty
Package: iftex 2022/02/03 v1.0f TeX engine tests
))
\Gm@cnth=\count198
\Gm@cntv=\count199
\c@Gm@tempcnt=\count266
\Gm@bindingoffset=\dimen144
\Gm@wd@mp=\dimen145
\Gm@odd@mp=\dimen146
\Gm@even@mp=\dimen147
\Gm@layoutwidth=\dimen148
\Gm@layoutheight=\dimen149
\Gm@layouthoffset=\dimen150
\Gm@layoutvoffset=\dimen151
\Gm@dimlist=\toks21
 (C:\Users\USER\AppData\Local\Programs\MiKTeX\tex/latex/geometry\geometry.cfg)) (C:\Users\USER\AppData\Local\Programs\MiKTeX\tex/latex/fancyhdr\fancyhdr.sty
Package: fancyhdr 2025/02/07 v5.2 Extensive control of page headers and footers
\f@nch@headwidth=\skip50
\f@nch@offset@elh=\skip51
\f@nch@offset@erh=\skip52
\f@nch@offset@olh=\skip53
\f@nch@offset@orh=\skip54
\f@nch@offset@elf=\skip55
\f@nch@offset@erf=\skip56
\f@nch@offset@olf=\skip57
\f@nch@offset@orf=\skip58
\f@nch@height=\skip59
\f@nch@footalignment=\skip60
\f@nch@widthL=\skip61
\f@nch@widthC=\skip62
\f@nch@widthR=\skip63
\@temptokenb=\toks22
) (C:\Users\USER\AppData\Local\Programs\MiKTeX\tex/latex/tcolorbox\tcolorbox.sty
Package: tcolorbox 2024/01/10 version 6.2.0 text color boxes
 (C:\Users\USER\AppData\Local\Programs\MiKTeX\tex/latex/pgf/basiclayer\pgf.sty (C:\Users\USER\AppData\Local\Programs\MiKTeX\tex/latex/pgf/utilities\pgfrcs.sty (C:\Users\USER\AppData\Local\Programs\MiKTeX\tex/generic/pgf/utilities\pgfutil-common.tex
\pgfutil@everybye=\toks23
\pgfutil@tempdima=\dimen152
\pgfutil@tempdimb=\dimen153
) (C:\Users\USER\AppData\Local\Programs\MiKTeX\tex/generic/pgf/utilities\pgfutil-latex.def
\pgfutil@abb=\box51
) (C:\Users\USER\AppData\Local\Programs\MiKTeX\tex/generic/pgf/utilities\pgfrcs.code.tex (C:\Users\USER\AppData\Local\Programs\MiKTeX\tex/generic/pgf\pgf.revision.tex)
Package: pgfrcs 2023-01-15 v3.1.10 (3.1.10)
))
Package: pgf 2023-01-15 v3.1.10 (3.1.10)
 (C:\Users\USER\AppData\Local\Programs\MiKTeX\tex/latex/pgf/basiclayer\pgfcore.sty (C:\Users\USER\AppData\Local\Programs\MiKTeX\tex/latex/pgf/systemlayer\pgfsys.sty (C:\Users\USER\AppData\Local\Programs\MiKTeX\tex/generic/pgf/systemlayer\pgfsys.code.tex
Package: pgfsys 2023-01-15 v3.1.10 (3.1.10)
 (C:\Users\USER\AppData\Local\Programs\MiKTeX\tex/generic/pgf/utilities\pgfkeys.code.tex
\pgfkeys@pathtoks=\toks24
\pgfkeys@temptoks=\toks25
 (C:\Users\USER\AppData\Local\Programs\MiKTeX\tex/generic/pgf/utilities\pgfkeyslibraryfiltered.code.tex
\pgfkeys@tmptoks=\toks26
))
\pgf@x=\dimen154
\pgf@y=\dimen155
\pgf@xa=\dimen156
\pgf@ya=\dimen157
\pgf@xb=\dimen158
\pgf@yb=\dimen159
\pgf@xc=\dimen160
\pgf@yc=\dimen161
\pgf@xd=\dimen162
\pgf@yd=\dimen163
\w@pgf@writea=\write3
\r@pgf@reada=\read3
\c@pgf@counta=\count267
\c@pgf@countb=\count268
\c@pgf@countc=\count269
\c@pgf@countd=\count270
\t@pgf@toka=\toks27
\t@pgf@tokb=\toks28
\t@pgf@tokc=\toks29
\pgf@sys@id@count=\count271
 (C:\Users\USER\AppData\Local\Programs\MiKTeX\tex/generic/pgf/systemlayer\pgf.cfg
File: pgf.cfg 2023-01-15 v3.1.10 (3.1.10)
)
Driver file for pgf: pgfsys-pdftex.def
 (C:\Users\USER\AppData\Local\Programs\MiKTeX\tex/generic/pgf/systemlayer\pgfsys-pdftex.def
File: pgfsys-pdftex.def 2023-01-15 v3.1.10 (3.1.10)
 (C:\Users\USER\AppData\Local\Programs\MiKTeX\tex/generic/pgf/systemlayer\pgfsys-common-pdf.def
File: pgfsys-common-pdf.def 2023-01-15 v3.1.10 (3.1.10)
))) (C:\Users\USER\AppData\Local\Programs\MiKTeX\tex/generic/pgf/systemlayer\pgfsyssoftpath.code.tex
File: pgfsyssoftpath.code.tex 2023-01-15 v3.1.10 (3.1.10)
\pgfsyssoftpath@smallbuffer@items=\count272
\pgfsyssoftpath@bigbuffer@items=\count273
) (C:\Users\USER\AppData\Local\Programs\MiKTeX\tex/generic/pgf/systemlayer\pgfsysprotocol.code.tex
File: pgfsysprotocol.code.tex 2023-01-15 v3.1.10 (3.1.10)
)) (C:\Users\USER\AppData\Local\Programs\MiKTeX\tex/latex/xcolor\xcolor.sty
Package: xcolor 2023/11/15 v3.01 LaTeX color extensions (UK)
 (C:\Users\USER\AppData\Local\Programs\MiKTeX\tex/latex/graphics-cfg\color.cfg
File: color.cfg 2016/01/02 v1.6 sample color configuration
)
Package xcolor Info: Driver file: pdftex.def on input line 274.
 (C:\Users\USER\AppData\Local\Programs\MiKTeX\tex/latex/graphics\mathcolor.ltx)
Package xcolor Info: Model `cmy' substituted by `cmy0' on input line 1350.
Package xcolor Info: Model `hsb' substituted by `rgb' on input line 1354.
Package xcolor Info: Model `RGB' extended on input line 1366.
Package xcolor Info: Model `HTML' substituted by `rgb' on input line 1368.
Package xcolor Info: Model `Hsb' substituted by `hsb' on input line 1369.
Package xcolor Info: Model `tHsb' substituted by `hsb' on input line 1370.
Package xcolor Info: Model `HSB' substituted by `hsb' on input line 1371.
Package xcolor Info: Model `Gray' substituted by `gray' on input line 1372.
Package xcolor Info: Model `wave' substituted by `hsb' on input line 1373.
) (C:\Users\USER\AppData\Local\Programs\MiKTeX\tex/generic/pgf/basiclayer\pgfcore.code.tex
Package: pgfcore 2023-01-15 v3.1.10 (3.1.10)
 (C:\Users\USER\AppData\Local\Programs\MiKTeX\tex/generic/pgf/math\pgfmath.code.tex (C:\Users\USER\AppData\Local\Programs\MiKTeX\tex/generic/pgf/math\pgfmathutil.code.tex) (C:\Users\USER\AppData\Local\Programs\MiKTeX\tex/generic/pgf/math\pgfmathparser.code.tex
\pgfmath@dimen=\dimen164
\pgfmath@count=\count274
\pgfmath@box=\box52
\pgfmath@toks=\toks30
\pgfmath@stack@operand=\toks31
\pgfmath@stack@operation=\toks32
) (C:\Users\USER\AppData\Local\Programs\MiKTeX\tex/generic/pgf/math\pgfmathfunctions.code.tex) (C:\Users\USER\AppData\Local\Programs\MiKTeX\tex/generic/pgf/math\pgfmathfunctions.basic.code.tex) (C:\Users\USER\AppData\Local\Programs\MiKTeX\tex/generic/pgf/math\pgfmathfunctions.trigonometric.code.tex) (C:\Users\USER\AppData\Local\Programs\MiKTeX\tex/generic/pgf/math\pgfmathfunctions.random.code.tex) (C:\Users\USER\AppData\Local\Programs\MiKTeX\tex/generic/pgf/math\pgfmathfunctions.comparison.code.tex) (C:\Users\USER\AppData\Local\Programs\MiKTeX\tex/generic/pgf/math\pgfmathfunctions.base.code.tex) (C:\Users\USER\AppData\Local\Programs\MiKTeX\tex/generic/pgf/math\pgfmathfunctions.round.code.tex) (C:\Users\USER\AppData\Local\Programs\MiKTeX\tex/generic/pgf/math\pgfmathfunctions.misc.code.tex) (C:\Users\USER\AppData\Local\Programs\MiKTeX\tex/generic/pgf/math\pgfmathfunctions.integerarithmetics.code.tex) (C:\Users\USER\AppData\Local\Programs\MiKTeX\tex/generic/pgf/math\pgfmathcalc.code.tex) (C:\Users\USER\AppData\Local\Programs\MiKTeX\tex/generic/pgf/math\pgfmathfloat.code.tex
\c@pgfmathroundto@lastzeros=\count275
)) (C:\Users\USER\AppData\Local\Programs\MiKTeX\tex/generic/pgf/math\pgfint.code.tex) (C:\Users\USER\AppData\Local\Programs\MiKTeX\tex/generic/pgf/basiclayer\pgfcorepoints.code.tex
File: pgfcorepoints.code.tex 2023-01-15 v3.1.10 (3.1.10)
\pgf@picminx=\dimen165
\pgf@picmaxx=\dimen166
\pgf@picminy=\dimen167
\pgf@picmaxy=\dimen168
\pgf@pathminx=\dimen169
\pgf@pathmaxx=\dimen170
\pgf@pathminy=\dimen171
\pgf@pathmaxy=\dimen172
\pgf@xx=\dimen173
\pgf@xy=\dimen174
\pgf@yx=\dimen175
\pgf@yy=\dimen176
\pgf@zx=\dimen177
\pgf@zy=\dimen178
) (C:\Users\USER\AppData\Local\Programs\MiKTeX\tex/generic/pgf/basiclayer\pgfcorepathconstruct.code.tex
File: pgfcorepathconstruct.code.tex 2023-01-15 v3.1.10 (3.1.10)
\pgf@path@lastx=\dimen179
\pgf@path@lasty=\dimen180
) (C:\Users\USER\AppData\Local\Programs\MiKTeX\tex/generic/pgf/basiclayer\pgfcorepathusage.code.tex
File: pgfcorepathusage.code.tex 2023-01-15 v3.1.10 (3.1.10)
\pgf@shorten@end@additional=\dimen181
\pgf@shorten@start@additional=\dimen182
) (C:\Users\USER\AppData\Local\Programs\MiKTeX\tex/generic/pgf/basiclayer\pgfcorescopes.code.tex
File: pgfcorescopes.code.tex 2023-01-15 v3.1.10 (3.1.10)
\pgfpic=\box53
\pgf@hbox=\box54
\pgf@layerbox@main=\box55
\pgf@picture@serial@count=\count276
) (C:\Users\USER\AppData\Local\Programs\MiKTeX\tex/generic/pgf/basiclayer\pgfcoregraphicstate.code.tex
File: pgfcoregraphicstate.code.tex 2023-01-15 v3.1.10 (3.1.10)
\pgflinewidth=\dimen183
) (C:\Users\USER\AppData\Local\Programs\MiKTeX\tex/generic/pgf/basiclayer\pgfcoretransformations.code.tex
File: pgfcoretransformations.code.tex 2023-01-15 v3.1.10 (3.1.10)
\pgf@pt@x=\dimen184
\pgf@pt@y=\dimen185
\pgf@pt@temp=\dimen186
) (C:\Users\USER\AppData\Local\Programs\MiKTeX\tex/generic/pgf/basiclayer\pgfcorequick.code.tex
File: pgfcorequick.code.tex 2023-01-15 v3.1.10 (3.1.10)
) (C:\Users\USER\AppData\Local\Programs\MiKTeX\tex/generic/pgf/basiclayer\pgfcoreobjects.code.tex
File: pgfcoreobjects.code.tex 2023-01-15 v3.1.10 (3.1.10)
) (C:\Users\USER\AppData\Local\Programs\MiKTeX\tex/generic/pgf/basiclayer\pgfcorepathprocessing.code.tex
File: pgfcorepathprocessing.code.tex 2023-01-15 v3.1.10 (3.1.10)
) (C:\Users\USER\AppData\Local\Programs\MiKTeX\tex/generic/pgf/basiclayer\pgfcorearrows.code.tex
File: pgfcorearrows.code.tex 2023-01-15 v3.1.10 (3.1.10)
\pgfarrowsep=\dimen187
) (C:\Users\USER\AppData\Local\Programs\MiKTeX\tex/generic/pgf/basiclayer\pgfcoreshade.code.tex
File: pgfcoreshade.code.tex 2023-01-15 v3.1.10 (3.1.10)
\pgf@max=\dimen188
\pgf@sys@shading@range@num=\count277
\pgf@shadingcount=\count278
) (C:\Users\USER\AppData\Local\Programs\MiKTeX\tex/generic/pgf/basiclayer\pgfcoreimage.code.tex
File: pgfcoreimage.code.tex 2023-01-15 v3.1.10 (3.1.10)
) (C:\Users\USER\AppData\Local\Programs\MiKTeX\tex/generic/pgf/basiclayer\pgfcoreexternal.code.tex
File: pgfcoreexternal.code.tex 2023-01-15 v3.1.10 (3.1.10)
\pgfexternal@startupbox=\box56
) (C:\Users\USER\AppData\Local\Programs\MiKTeX\tex/generic/pgf/basiclayer\pgfcorelayers.code.tex
File: pgfcorelayers.code.tex 2023-01-15 v3.1.10 (3.1.10)
) (C:\Users\USER\AppData\Local\Programs\MiKTeX\tex/generic/pgf/basiclayer\pgfcoretransparency.code.tex
File: pgfcoretransparency.code.tex 2023-01-15 v3.1.10 (3.1.10)
) (C:\Users\USER\AppData\Local\Programs\MiKTeX\tex/generic/pgf/basiclayer\pgfcorepatterns.code.tex
File: pgfcorepatterns.code.tex 2023-01-15 v3.1.10 (3.1.10)
) (C:\Users\USER\AppData\Local\Programs\MiKTeX\tex/generic/pgf/basiclayer\pgfcorerdf.code.tex
File: pgfcorerdf.code.tex 2023-01-15 v3.1.10 (3.1.10)
))) (C:\Users\USER\AppData\Local\Programs\MiKTeX\tex/generic/pgf/modules\pgfmoduleshapes.code.tex
File: pgfmoduleshapes.code.tex 2023-01-15 v3.1.10 (3.1.10)
\pgfnodeparttextbox=\box57
) (C:\Users\USER\AppData\Local\Programs\MiKTeX\tex/generic/pgf/modules\pgfmoduleplot.code.tex
File: pgfmoduleplot.code.tex 2023-01-15 v3.1.10 (3.1.10)
) (C:\Users\USER\AppData\Local\Programs\MiKTeX\tex/latex/pgf/compatibility\pgfcomp-version-0-65.sty
Package: pgfcomp-version-0-65 2023-01-15 v3.1.10 (3.1.10)
\pgf@nodesepstart=\dimen189
\pgf@nodesepend=\dimen190
) (C:\Users\USER\AppData\Local\Programs\MiKTeX\tex/latex/pgf/compatibility\pgfcomp-version-1-18.sty
Package: pgfcomp-version-1-18 2023-01-15 v3.1.10 (3.1.10)
)) (C:\Users\USER\AppData\Local\Programs\MiKTeX\tex/latex/tools\verbatim.sty
Package: verbatim 2023-11-06 v1.5v LaTeX2e package for verbatim enhancements
\every@verbatim=\toks33
\verbatim@line=\toks34
\verbatim@in@stream=\read4
) (C:\Users\USER\AppData\Local\Programs\MiKTeX\tex/latex/environ\environ.sty
Package: environ 2014/05/04 v0.3 A new way to define environments
 (C:\Users\USER\AppData\Local\Programs\MiKTeX\tex/latex/trimspaces\trimspaces.sty
Package: trimspaces 2009/09/17 v1.1 Trim spaces around a token list
)
\@envbody=\toks35
) (C:\Users\USER\AppData\Local\Programs\MiKTeX\tex/latex/etoolbox\etoolbox.sty
Package: etoolbox 2020/10/05 v2.5k e-TeX tools for LaTeX (JAW)
\etb@tempcnta=\count279
)
\tcb@titlebox=\box58
\tcb@upperbox=\box59
\tcb@lowerbox=\box60
\tcb@phantombox=\box61
\c@tcbbreakpart=\count280
\c@tcblayer=\count281
\c@tcolorbox@number=\count282
\l__tcobox_tmpa_box=\box62
\l__tcobox_tmpa_dim=\dimen191
\tcb@temp=\box63
\tcb@temp=\box64
\tcb@temp=\box65
\tcb@temp=\box66
 (C:\Users\USER\AppData\Local\Programs\MiKTeX\tex/latex/tcolorbox\tcbraster.code.tex
Library (tcolorbox): 'tcbraster.code.tex' version '6.2.0'
\c@tcbrastercolumn=\count283
\c@tcbrasterrow=\count284
\c@tcbrasternum=\count285
\c@tcbraster=\count286
) (C:\Users\USER\AppData\Local\Programs\MiKTeX\tex/latex/tcolorbox\tcbskins.code.tex
Library (tcolorbox): 'tcbskins.code.tex' version '6.2.0'
(C:\Users\USER\AppData\Local\Programs\MiKTeX\tex/latex/pgf/frontendlayer\tikz.sty (C:\Users\USER\AppData\Local\Programs\MiKTeX\tex/latex/pgf/utilities\pgffor.sty (C:\Users\USER\AppData\Local\Programs\MiKTeX\tex/latex/pgf/utilities\pgfkeys.sty (C:\Users\USER\AppData\Local\Programs\MiKTeX\tex/generic/pgf/utilities\pgfkeys.code.tex)) (C:\Users\USER\AppData\Local\Programs\MiKTeX\tex/latex/pgf/math\pgfmath.sty (C:\Users\USER\AppData\Local\Programs\MiKTeX\tex/generic/pgf/math\pgfmath.code.tex)) (C:\Users\USER\AppData\Local\Programs\MiKTeX\tex/generic/pgf/utilities\pgffor.code.tex
Package: pgffor 2023-01-15 v3.1.10 (3.1.10)
\pgffor@iter=\dimen192
\pgffor@skip=\dimen193
\pgffor@stack=\toks36
\pgffor@toks=\toks37
)) (C:\Users\USER\AppData\Local\Programs\MiKTeX\tex/generic/pgf/frontendlayer/tikz\tikz.code.tex
Package: tikz 2023-01-15 v3.1.10 (3.1.10)
 (C:\Users\USER\AppData\Local\Programs\MiKTeX\tex/generic/pgf/libraries\pgflibraryplothandlers.code.tex
File: pgflibraryplothandlers.code.tex 2023-01-15 v3.1.10 (3.1.10)
\pgf@plot@mark@count=\count287
\pgfplotmarksize=\dimen194
)
\tikz@lastx=\dimen195
\tikz@lasty=\dimen196
\tikz@lastxsaved=\dimen197
\tikz@lastysaved=\dimen198
\tikz@lastmovetox=\dimen199
\tikz@lastmovetoy=\dimen256
\tikzleveldistance=\dimen257
\tikzsiblingdistance=\dimen258
\tikz@figbox=\box67
\tikz@figbox@bg=\box68
\tikz@tempbox=\box69
\tikz@tempbox@bg=\box70
\tikztreelevel=\count288
\tikznumberofchildren=\count289
\tikznumberofcurrentchild=\count290
\tikz@fig@count=\count291
 (C:\Users\USER\AppData\Local\Programs\MiKTeX\tex/generic/pgf/modules\pgfmodulematrix.code.tex
File: pgfmodulematrix.code.tex 2023-01-15 v3.1.10 (3.1.10)
\pgfmatrixcurrentrow=\count292
\pgfmatrixcurrentcolumn=\count293
\pgf@matrix@numberofcolumns=\count294
)
\tikz@expandcount=\count295
 (C:\Users\USER\AppData\Local\Programs\MiKTeX\tex/generic/pgf/frontendlayer/tikz/libraries\tikzlibrarytopaths.code.tex
File: tikzlibrarytopaths.code.tex 2023-01-15 v3.1.10 (3.1.10)
))) (C:\Users\USER\AppData\Local\Programs\MiKTeX\tex/latex/tikzfill\tikzfill.image.sty
Package: tikzfill.image 2023/08/08 v1.0.1 Image filling library for TikZ
 (C:\Users\USER\AppData\Local\Programs\MiKTeX\tex/latex/tikzfill\tikzfill-common.sty
Package: tikzfill-common 2023/08/08 v1.0.1 Auxiliary code for tikzfill
) (C:\Users\USER\AppData\Local\Programs\MiKTeX\tex/latex/tikzfill\tikzlibraryfill.image.code.tex
File: tikzlibraryfill.image.code.tex 2023/08/08 v1.0.1 Image filling library
\l__tikzfill_img_box=\box71
)) (C:\Users\USER\AppData\Local\Programs\MiKTeX\tex/latex/tcolorbox\tcbskinsjigsaw.code.tex
Library (tcolorbox): 'tcbskinsjigsaw.code.tex' version '6.2.0'
)) (C:\Users\USER\AppData\Local\Programs\MiKTeX\tex/latex/tcolorbox\tcbbreakable.code.tex
Library (tcolorbox): 'tcbbreakable.code.tex' version '6.2.0'
(C:\Users\USER\AppData\Local\Programs\MiKTeX\tex/latex/pdfcol\pdfcol.sty
Package: pdfcol 2022-09-21 v1.7 Handle new color stacks for pdfTeX (HO)
 (C:\Users\USER\AppData\Local\Programs\MiKTeX\tex/generic/ltxcmds\ltxcmds.sty
Package: ltxcmds 2023-12-04 v1.26 LaTeX kernel commands for general use (HO)
) (C:\Users\USER\AppData\Local\Programs\MiKTeX\tex/generic/infwarerr\infwarerr.sty
Package: infwarerr 2019/12/03 v1.5 Providing info/warning/error messages (HO)
))
Package pdfcol Info: New color stack `tcb@breakable' = 1 on input line 23.
\tcb@testbox=\box72
\tcb@totalupperbox=\box73
\tcb@totallowerbox=\box74
) (C:\Users\USER\AppData\Local\Programs\MiKTeX\tex/latex/tcolorbox\tcbhooks.code.tex
Library (tcolorbox): 'tcbhooks.code.tex' version '6.2.0'
) (C:\Users\USER\AppData\Local\Programs\MiKTeX\tex/latex/tcolorbox\tcbtheorems.code.tex
Library (tcolorbox): 'tcbtheorems.code.tex' version '6.2.0'
(C:\Users\USER\AppData\Local\Programs\MiKTeX\tex/latex/amsmath\amsmath.sty
Package: amsmath 2023/05/13 v2.17o AMS math features
\@mathmargin=\skip64

For additional information on amsmath, use the `?' option.
(C:\Users\USER\AppData\Local\Programs\MiKTeX\tex/latex/amsmath\amstext.sty
Package: amstext 2021/08/26 v2.01 AMS text
 (C:\Users\USER\AppData\Local\Programs\MiKTeX\tex/latex/amsmath\amsgen.sty
File: amsgen.sty 1999/11/30 v2.0 generic functions
\@emptytoks=\toks38
\ex@=\dimen259
)) (C:\Users\USER\AppData\Local\Programs\MiKTeX\tex/latex/amsmath\amsbsy.sty
Package: amsbsy 1999/11/29 v1.2d Bold Symbols
\pmbraise@=\dimen260
) (C:\Users\USER\AppData\Local\Programs\MiKTeX\tex/latex/amsmath\amsopn.sty
Package: amsopn 2022/04/08 v2.04 operator names
)
\inf@bad=\count296
LaTeX Info: Redefining \frac on input line 234.
\uproot@=\count297
\leftroot@=\count298
LaTeX Info: Redefining \overline on input line 399.
LaTeX Info: Redefining \colon on input line 410.
\classnum@=\count299
\DOTSCASE@=\count300
LaTeX Info: Redefining \ldots on input line 496.
LaTeX Info: Redefining \dots on input line 499.
LaTeX Info: Redefining \cdots on input line 620.
\Mathstrutbox@=\box75
\strutbox@=\box76
LaTeX Info: Redefining \big on input line 722.
LaTeX Info: Redefining \Big on input line 723.
LaTeX Info: Redefining \bigg on input line 724.
LaTeX Info: Redefining \Bigg on input line 725.
\big@size=\dimen261
LaTeX Font Info:    Redeclaring font encoding OML on input line 743.
LaTeX Font Info:    Redeclaring font encoding OMS on input line 744.
\macc@depth=\count301
LaTeX Info: Redefining \bmod on input line 905.
LaTeX Info: Redefining \pmod on input line 910.
LaTeX Info: Redefining \smash on input line 940.
LaTeX Info: Redefining \relbar on input line 970.
LaTeX Info: Redefining \Relbar on input line 971.
\c@MaxMatrixCols=\count302
\dotsspace@=\muskip16
\c@parentequation=\count303
\dspbrk@lvl=\count304
\tag@help=\toks39
\row@=\count305
\column@=\count306
\maxfields@=\count307
\andhelp@=\toks40
\eqnshift@=\dimen262
\alignsep@=\dimen263
\tagshift@=\dimen264
\tagwidth@=\dimen265
\totwidth@=\dimen266
\lineht@=\dimen267
\@envbody=\toks41
\multlinegap=\skip65
\multlinetaggap=\skip66
\mathdisplay@stack=\toks42
LaTeX Info: Redefining \[ on input line 2953.
LaTeX Info: Redefining \] on input line 2954.
)) (C:\Users\USER\AppData\Local\Programs\MiKTeX\tex/latex/tcolorbox\tcbfitting.code.tex
Library (tcolorbox): 'tcbfitting.code.tex' version '6.2.0'
\tcbfitdim=\dimen268
\tcb@lowerfitdim=\dimen269
\tcb@upperfitdim=\dimen270
\tcb@cur@hbadness=\count308
) (C:\Users\USER\AppData\Local\Programs\MiKTeX\tex/latex/tcolorbox\tcblistingsutf8.code.tex
Library (tcolorbox): 'tcblistingsutf8.code.tex' version '6.2.0'
(C:\Users\USER\AppData\Local\Programs\MiKTeX\tex/latex/tcolorbox\tcblistings.code.tex
Library (tcolorbox): 'tcblistings.code.tex' version '6.2.0'
(C:\Users\USER\AppData\Local\Programs\MiKTeX\tex/latex/listings\listings.sty
\lst@mode=\count309
\lst@gtempboxa=\box77
\lst@token=\toks43
\lst@length=\count310
\lst@currlwidth=\dimen271
\lst@column=\count311
\lst@pos=\count312
\lst@lostspace=\dimen272
\lst@width=\dimen273
\lst@newlines=\count313
\lst@lineno=\count314
\lst@maxwidth=\dimen274
 (C:\Program Files\MiKTeX\tex/latex/listings\lstpatch.sty
File: lstpatch.sty 2023/02/27 1.9 (Carsten Heinz)
) (C:\Users\USER\AppData\Local\Programs\MiKTeX\tex/latex/listings\lstmisc.sty
File: lstmisc.sty 2023/02/27 1.9 (Carsten Heinz)
\c@lstnumber=\count315
\lst@skipnumbers=\count316
\lst@framebox=\box78
) (C:\Users\USER\AppData\Local\Programs\MiKTeX\tex/latex/listings\listings.cfg
File: listings.cfg 2023/02/27 1.9 listings configuration
))
Package: listings 2023/02/27 1.9 (Carsten Heinz)
 (C:\Users\USER\AppData\Local\Programs\MiKTeX\tex/latex/tcolorbox\tcblistingscore.code.tex
Library (tcolorbox): 'tcblistingscore.code.tex' version '6.2.0'
(C:\Users\USER\AppData\Local\Programs\MiKTeX\tex/latex/tcolorbox\tcbprocessing.code.tex
Library (tcolorbox): 'tcbprocessing.code.tex' version '6.2.0'
)
\c@tcblisting=\count317
)) (C:\Users\USER\AppData\Local\Programs\MiKTeX\tex/latex/listingsutf8\listingsutf8.sty
Package: listingsutf8 2019-12-10 v1.5 Allow UTF-8 in listings input (HO)
 (C:\Users\USER\AppData\Local\Programs\MiKTeX\tex/generic/pdftexcmds\pdftexcmds.sty
Package: pdftexcmds 2020-06-27 v0.33 Utility functions of pdfTeX for LuaTeX (HO)
Package pdftexcmds Info: \pdf@primitive is available.
Package pdftexcmds Info: \pdf@ifprimitive is available.
Package pdftexcmds Info: \pdfdraftmode found.
) (C:\Users\USER\AppData\Local\Programs\MiKTeX\tex/generic/stringenc\stringenc.sty
Package: stringenc 2019/11/29 v1.12 Convert strings between diff. encodings (HO)
 (C:\Users\USER\AppData\Local\Programs\MiKTeX\tex/generic/pdfescape\pdfescape.sty
Package: pdfescape 2019/12/09 v1.15 Implements pdfTeX's escape features (HO)
)))) (C:\Users\USER\AppData\Local\Programs\MiKTeX\tex/latex/tcolorbox\tcbexternal.code.tex
Library (tcolorbox): 'tcbexternal.code.tex' version '6.2.0'
) (C:\Users\USER\AppData\Local\Programs\MiKTeX\tex/latex/tcolorbox\tcbmagazine.code.tex
Library (tcolorbox): 'tcbmagazine.code.tex' version '6.2.0'
) (C:\Users\USER\AppData\Local\Programs\MiKTeX\tex/latex/tcolorbox\tcbvignette.code.tex
Library (tcolorbox): 'tcbvignette.code.tex' version '6.2.0'
(C:\Users\USER\AppData\Local\Programs\MiKTeX\tex/generic/pgf/frontendlayer/tikz/libraries\tikzlibraryfadings.code.tex
File: tikzlibraryfadings.code.tex 2023-01-15 v3.1.10 (3.1.10)
 (C:\Users\USER\AppData\Local\Programs\MiKTeX\tex/generic/pgf/libraries\pgflibraryfadings.code.tex
File: pgflibraryfadings.code.tex 2023-01-15 v3.1.10 (3.1.10)
))) (C:\Users\USER\AppData\Local\Programs\MiKTeX\tex/latex/tcolorbox\tcbposter.code.tex
Library (tcolorbox): 'tcbposter.code.tex' version '6.2.0'
)) (C:\Users\USER\AppData\Local\Programs\MiKTeX\tex/latex/microtype\microtype.sty
Package: microtype 2025/07/09 v3.2b Micro-typographical refinements (RS)
\MT@toks=\toks44
\MT@tempbox=\box79
\MT@count=\count318
LaTeX Info: Redefining \noprotrusionifhmode on input line 1087.
LaTeX Info: Redefining \leftprotrusion on input line 1088.
\MT@prot@toks=\toks45
LaTeX Info: Redefining \rightprotrusion on input line 1107.
LaTeX Info: Redefining \textls on input line 1449.
\MT@outer@kern=\dimen275
LaTeX Info: Redefining \microtypecontext on input line 2053.
LaTeX Info: Redefining \textmicrotypecontext on input line 2070.
\MT@listname@count=\count319
 (C:\Users\USER\AppData\Local\Programs\MiKTeX\tex/latex/microtype\microtype-pdftex.def
File: microtype-pdftex.def 2025/07/09 v3.2b Definitions specific to pdftex (RS)
LaTeX Info: Redefining \lsstyle on input line 944.
LaTeX Info: Redefining \lslig on input line 944.
\MT@outer@space=\skip67
)
Package microtype Info: Loading configuration file microtype.cfg.
 (C:\Users\USER\AppData\Local\Programs\MiKTeX\tex/latex/microtype\microtype.cfg
File: microtype.cfg 2025/07/09 v3.2b microtype main configuration file (RS)
)
LaTeX Info: Redefining \microtypesetup on input line 3065.
) (C:\Users\USER\AppData\Local\Programs\MiKTeX\tex/latex/needspace\needspace.sty
Package: needspace 2025/03/13 v1.3e reserve vertical space
) (C:\Users\USER\AppData\Local\Programs\MiKTeX\tex/latex/ragged2e\ragged2e.sty
Package: ragged2e 2023/06/22 v3.6 ragged2e Package
\CenteringLeftskip=\skip68
\RaggedLeftLeftskip=\skip69
\RaggedRightLeftskip=\skip70
\CenteringRightskip=\skip71
\RaggedLeftRightskip=\skip72
\RaggedRightRightskip=\skip73
\CenteringParfillskip=\skip74
\RaggedLeftParfillskip=\skip75
\RaggedRightParfillskip=\skip76
\JustifyingParfillskip=\skip77
\CenteringParindent=\skip78
\RaggedLeftParindent=\skip79
\RaggedRightParindent=\skip80
\JustifyingParindent=\skip81
) (C:\Users\USER\AppData\Local\Programs\MiKTeX\tex/latex/tools\tabularx.sty
Package: tabularx 2023/07/08 v2.11c `tabularx' package (DPC)
 (C:\Users\USER\AppData\Local\Programs\MiKTeX\tex/latex/tools\array.sty
Package: array 2023/10/16 v2.5g Tabular extension package (FMi)
\col@sep=\dimen276
\ar@mcellbox=\box80
\extrarowheight=\dimen277
\NC@list=\toks46
\extratabsurround=\skip82
\backup@length=\skip83
\ar@cellbox=\box81
)
\TX@col@width=\dimen278
\TX@old@table=\dimen279
\TX@old@col=\dimen280
\TX@target=\dimen281
\TX@delta=\dimen282
\TX@cols=\count320
\TX@ftn=\toks47
) (C:\Users\USER\AppData\Local\Programs\MiKTeX\tex/latex/eso-pic\eso-pic.sty
Package: eso-pic 2023/05/03 v3.0c eso-pic (RN)
\ESO@tempdima=\dimen283
\ESO@tempdimb=\dimen284
) (C:\Users\USER\AppData\Local\Programs\MiKTeX\tex/latex/l3backend\l3backend-pdftex.def
File: l3backend-pdftex.def 2024-01-04 L3 backend support: PDF output (pdfTeX)
\l__color_backend_stack_int=\count321
\l__pdf_internal_box=\box82
) (c:\Users\USER\OneDrive\Desktop\DIGITALIZACION\CCASSA\ARCHIVOS_PANEL FOTOGRÁFICO\%OUTDIR%\panel.aux
LaTeX Info: Redefining \. on input line 8.
LaTeX Info: Redefining \% on input line 8.
)
\openout1 = `panel.aux'.

LaTeX Font Info:    Checking defaults for OML/cmm/m/it on input line 97.
LaTeX Font Info:    ... okay on input line 97.
LaTeX Font Info:    Checking defaults for OMS/cmsy/m/n on input line 97.
LaTeX Font Info:    ... okay on input line 97.
LaTeX Font Info:    Checking defaults for OT1/cmr/m/n on input line 97.
LaTeX Font Info:    ... okay on input line 97.
LaTeX Font Info:    Checking defaults for T1/cmr/m/n on input line 97.
LaTeX Font Info:    ... okay on input line 97.
LaTeX Font Info:    Checking defaults for TS1/cmr/m/n on input line 97.
LaTeX Font Info:    ... okay on input line 97.
LaTeX Font Info:    Checking defaults for OMX/cmex/m/n on input line 97.
LaTeX Font Info:    ... okay on input line 97.
LaTeX Font Info:    Checking defaults for U/cmr/m/n on input line 97.
LaTeX Font Info:    ... okay on input line 97.
LaTeX Info: Redefining \. on input line 97.
LaTeX Info: Redefining \% on input line 97.
 (C:\Users\USER\AppData\Local\Programs\MiKTeX\tex/context/base/mkii\supp-pdf.mkii
[Loading MPS to PDF converter (version 2006.09.02).]
\scratchcounter=\count322
\scratchdimen=\dimen285
\scratchbox=\box83
\nofMPsegments=\count323
\nofMParguments=\count324
\everyMPshowfont=\toks48
\MPscratchCnt=\count325
\MPscratchDim=\dimen286
\MPnumerator=\count326
\makeMPintoPDFobject=\count327
\everyMPtoPDFconversion=\toks49
) (C:\Users\USER\AppData\Local\Programs\MiKTeX\tex/latex/epstopdf-pkg\epstopdf-base.sty
Package: epstopdf-base 2020-01-24 v2.11 Base part for package epstopdf
Package epstopdf-base Info: Redefining graphics rule for `.eps' on input line 485.
 (C:\Users\USER\AppData\Local\Programs\MiKTeX\tex/latex/00miktex\epstopdf-sys.cfg
File: epstopdf-sys.cfg 2021/03/18 v2.0 Configuration of epstopdf for MiKTeX
))
*geometry* driver: auto-detecting
*geometry* detected driver: pdftex
*geometry* verbose mode - [ preamble ] result:
* driver: pdftex
* paper: a4paper
* layout: <same size as paper>
* layoutoffset:(h,v)=(0.0pt,0.0pt)
* modes: 
* h-part:(L,W,R)=(56.9055pt, 483.69687pt, 56.9055pt)
* v-part:(T,H,B)=(119.50148pt, 654.41348pt, 71.13188pt)
* \paperwidth=597.50787pt
* \paperheight=845.04684pt
* \textwidth=483.69687pt
* \textheight=654.41348pt
* \oddsidemargin=-15.36449pt
* \evensidemargin=-15.36449pt
* \topmargin=-52.35313pt
* \headheight=85.35826pt
* \headsep=14.22636pt
* \topskip=12.0pt
* \footskip=30.0pt
* \marginparwidth=35.0pt
* \marginparsep=10.0pt
* \columnsep=10.0pt
* \skip\footins=10.8pt plus 4.0pt minus 2.0pt
* \hoffset=0.0pt
* \voffset=0.0pt
* \mag=1000
* \@twocolumnfalse
* \@twosidefalse
* \@mparswitchfalse
* \@reversemarginfalse
* (1in=72.27pt=25.4mm, 1cm=28.453pt)

\c@lstlisting=\count328
LaTeX Info: Redefining \microtypecontext on input line 97.
Package microtype Info: Applying patch `item' on input line 97.
Package microtype Info: Applying patch `toc' on input line 97.
Package microtype Info: Applying patch `eqnum' on input line 97.
Package microtype Info: Applying patch `footnote' on input line 97.
Package microtype Info: Applying patch `verbatim' on input line 97.
LaTeX Info: Redefining \microtypesetup on input line 97.
Package microtype Info: Generating PDF output.
Package microtype Info: Character protrusion enabled (level 2).
Package microtype Info: Using default protrusion set `alltext'.
Package microtype Info: Automatic font expansion enabled (level 2),
(microtype)             stretch: 20, shrink: 20, step: 1, non-selected.
Package microtype Info: Using default expansion set `alltext-nott'.
Package microtype Info: Patching command `\showhyphens'.
Package microtype Info: No adjustment of tracking.
Package microtype Info: No adjustment of interword spacing.
Package microtype Info: No adjustment of character kerning.
(C:\Users\USER\AppData\Local\Programs\MiKTeX\tex/latex/microtype\mt-cmr.cfg
File: mt-cmr.cfg 2013/05/19 v2.2 microtype config. file: Computer Modern Roman (RS)
)

LaTeX Font Warning: Font shape `T1/cmr/m/n' in size <22> not available
(Font)              size <20.74> substituted on input line 115.


LaTeX Font Warning: Font shape `T1/cmr/bx/n' in size <22> not available
(Font)              size <20.74> substituted on input line 115.


LaTeX Font Warning: Font shape `T1/cmr/m/n' in size <10.5> not available
(Font)              size <10.95> substituted on input line 127.


LaTeX Font Warning: Font shape `T1/cmr/bx/n' in size <10.5> not available
(Font)              size <10.95> substituted on input line 128.

<logo_muni.png, id=40, 46.7346pt x 58.2978pt>
File: logo_muni.png Graphic file (type png)
<use logo_muni.png>
Package pdftex.def Info: logo_muni.png  used on input line 134.
(pdftex.def)             Requested size: 47.8997pt x 59.75117pt.

LaTeX Font Warning: Font shape `T1/cmr/m/n' in size <5.5> not available
(Font)              size <5> substituted on input line 134.


LaTeX Font Warning: Font shape `T1/cmr/bx/n' in size <5.5> not available
(Font)              size <5> substituted on input line 134.

<logo_inviertepe.png, id=42, 112.7412pt x 30.8352pt>
File: logo_inviertepe.png Graphic file (type png)
<use logo_inviertepe.png>
Package pdftex.def Info: logo_inviertepe.png  used on input line 134.
(pdftex.def)             Requested size: 71.1357pt x 19.4559pt.
<inferior.png, id=43, 598.3956pt x 64.5612pt>
File: inferior.png Graphic file (type png)
<use inferior.png>
Package pdftex.def Info: inferior.png  used on input line 134.
(pdftex.def)             Requested size: 597.50787pt x 64.46744pt.
[1{C:/Users/USER/AppData/Local/MiKTeX/fonts/map/pdftex/pdftex.map}{C:/Users/USER/AppData/Local/Programs/MiKTeX/fonts/enc/dvips/cm-super/cm-super-t1.enc}

 <./inferior.png> <./logo_muni.png> <./logo_inviertepe.png>]
<IMAGENES/30_1_10_44_en_la_cancha_sintetica_de_la_comunidad_de_esta_al_no_contar_con_un_local_exclusivo_la_reunion_se_hizo_en_un_lugra_improvisado.jpg, id=59, 1606.0pt x 1204.5pt>
File: IMAGENES/30_1_10_44_en_la_cancha_sintetica_de_la_comunidad_de_esta_al_no_contar_con_un_local_exclusivo_la_reunion_se_hizo_en_un_lugra_improvisado.jpg Graphic file (type jpg)
<use IMAGENES/30_1_10_44_en_la_cancha_sintetica_de_la_comunidad_de_esta_al_no_contar_con_un_local_exclusivo_la_reunion_se_hizo_en_un_lugra_improvisado.jpg>
Package pdftex.def Info: IMAGENES/30_1_10_44_en_la_cancha_sintetica_de_la_comunidad_de_esta_al_no_contar_con_un_local_exclusivo_la_reunion_se_hizo_en_un_lugra_improvisado.jpg  used on input line 151.
(pdftex.def)             Requested size: 455.2397pt x 341.42978pt.
File: logo_muni.png Graphic file (type png)
<use logo_muni.png>
Package pdftex.def Info: logo_muni.png  used on input line 151.
(pdftex.def)             Requested size: 47.8997pt x 59.75117pt.
File: logo_inviertepe.png Graphic file (type png)
<use logo_inviertepe.png>
Package pdftex.def Info: logo_inviertepe.png  used on input line 151.
(pdftex.def)             Requested size: 71.1357pt x 19.4559pt.
File: inferior.png Graphic file (type png)
<use inferior.png>
Package pdftex.def Info: inferior.png  used on input line 151.
(pdftex.def)             Requested size: 597.50787pt x 64.46744pt.
 [1 <./IMAGENES/30_1_10_44_en_la_cancha_sintetica_de_la_comunidad_de_esta_al_no_contar_con_un_local_exclusivo_la_reunion_se_hizo_en_un_lugra_improvisado.jpg>]
<IMAGENES/3_2_11_29_oficina_de_unidad_formuladora_cordinacion_con_el_presidente_de_la_comunidad_con_el_economista_alarcon_cabrera_alex.jpg, id=65, 1606.0pt x 1204.5pt>
File: IMAGENES/3_2_11_29_oficina_de_unidad_formuladora_cordinacion_con_el_presidente_de_la_comunidad_con_el_economista_alarcon_cabrera_alex.jpg Graphic file (type jpg)
<use IMAGENES/3_2_11_29_oficina_de_unidad_formuladora_cordinacion_con_el_presidente_de_la_comunidad_con_el_economista_alarcon_cabrera_alex.jpg>
Package pdftex.def Info: IMAGENES/3_2_11_29_oficina_de_unidad_formuladora_cordinacion_con_el_presidente_de_la_comunidad_con_el_economista_alarcon_cabrera_alex.jpg  used on input line 164.
(pdftex.def)             Requested size: 455.2397pt x 341.42978pt.
File: logo_muni.png Graphic file (type png)
<use logo_muni.png>
Package pdftex.def Info: logo_muni.png  used on input line 164.
(pdftex.def)             Requested size: 47.8997pt x 59.75117pt.
File: logo_inviertepe.png Graphic file (type png)
<use logo_inviertepe.png>
Package pdftex.def Info: logo_inviertepe.png  used on input line 164.
(pdftex.def)             Requested size: 71.1357pt x 19.4559pt.
File: inferior.png Graphic file (type png)
<use inferior.png>
Package pdftex.def Info: inferior.png  used on input line 164.
(pdftex.def)             Requested size: 597.50787pt x 64.46744pt.
 [2

 <./IMAGENES/3_2_11_29_oficina_de_unidad_formuladora_cordinacion_con_el_presidente_de_la_comunidad_con_el_economista_alarcon_cabrera_alex.jpg>]
<IMAGENES/3_2_11_29_oficina_de_unidad_formuladora_cordinacion_con_el_presidente_de_la_comunidad_de_ccasa_Wilfredo_asto_con_el_economista_alarcon_cabrera_alex.jpg, id=69, 1606.0pt x 1204.5pt>
File: IMAGENES/3_2_11_29_oficina_de_unidad_formuladora_cordinacion_con_el_presidente_de_la_comunidad_de_ccasa_Wilfredo_asto_con_el_economista_alarcon_cabrera_alex.jpg Graphic file (type jpg)
<use IMAGENES/3_2_11_29_oficina_de_unidad_formuladora_cordinacion_con_el_presidente_de_la_comunidad_de_ccasa_Wilfredo_asto_con_el_economista_alarcon_cabrera_alex.jpg>
Package pdftex.def Info: IMAGENES/3_2_11_29_oficina_de_unidad_formuladora_cordinacion_con_el_presidente_de_la_comunidad_de_ccasa_Wilfredo_asto_con_el_economista_alarcon_cabrera_alex.jpg  used on input line 176.
(pdftex.def)             Requested size: 455.2397pt x 341.42978pt.
File: logo_muni.png Graphic file (type png)
<use logo_muni.png>
Package pdftex.def Info: logo_muni.png  used on input line 176.
(pdftex.def)             Requested size: 47.8997pt x 59.75117pt.
File: logo_inviertepe.png Graphic file (type png)
<use logo_inviertepe.png>
Package pdftex.def Info: logo_inviertepe.png  used on input line 176.
(pdftex.def)             Requested size: 71.1357pt x 19.4559pt.
File: inferior.png Graphic file (type png)
<use inferior.png>
Package pdftex.def Info: inferior.png  used on input line 176.
(pdftex.def)             Requested size: 597.50787pt x 64.46744pt.
 [3

 <./IMAGENES/3_2_11_29_oficina_de_unidad_formuladora_cordinacion_con_el_presidente_de_la_comunidad_de_ccasa_Wilfredo_asto_con_el_economista_alarcon_cabrera_alex.jpg>]
<IMAGENES/9_2_ENCUESTA.jpg, id=73, 1204.5pt x 1606.0pt>
File: IMAGENES/9_2_ENCUESTA.jpg Graphic file (type jpg)
<use IMAGENES/9_2_ENCUESTA.jpg>
Package pdftex.def Info: IMAGENES/9_2_ENCUESTA.jpg  used on input line 189.
(pdftex.def)             Requested size: 256.07692pt x 341.4359pt.
File: logo_muni.png Graphic file (type png)
<use logo_muni.png>
Package pdftex.def Info: logo_muni.png  used on input line 189.
(pdftex.def)             Requested size: 47.8997pt x 59.75117pt.
File: logo_inviertepe.png Graphic file (type png)
<use logo_inviertepe.png>
Package pdftex.def Info: logo_inviertepe.png  used on input line 189.
(pdftex.def)             Requested size: 71.1357pt x 19.4559pt.
File: inferior.png Graphic file (type png)
<use inferior.png>
Package pdftex.def Info: inferior.png  used on input line 189.
(pdftex.def)             Requested size: 597.50787pt x 64.46744pt.
 [4

 <./IMAGENES/9_2_ENCUESTA.jpg>]
<IMAGENES/9_2_8_50_KKenco_ccasa_equipo_de_trabajo_encargado_de_realizar_las_encuestas_organizandose_antes_de_separarse.jpg, id=77, 1606.0pt x 1204.5pt>
File: IMAGENES/9_2_8_50_KKenco_ccasa_equipo_de_trabajo_encargado_de_realizar_las_encuestas_organizandose_antes_de_separarse.jpg Graphic file (type jpg)
<use IMAGENES/9_2_8_50_KKenco_ccasa_equipo_de_trabajo_encargado_de_realizar_las_encuestas_organizandose_antes_de_separarse.jpg>
Package pdftex.def Info: IMAGENES/9_2_8_50_KKenco_ccasa_equipo_de_trabajo_encargado_de_realizar_las_encuestas_organizandose_antes_de_separarse.jpg  used on input line 202.
(pdftex.def)             Requested size: 455.2397pt x 341.42978pt.
File: logo_muni.png Graphic file (type png)
<use logo_muni.png>
Package pdftex.def Info: logo_muni.png  used on input line 202.
(pdftex.def)             Requested size: 47.8997pt x 59.75117pt.
File: logo_inviertepe.png Graphic file (type png)
<use logo_inviertepe.png>
Package pdftex.def Info: logo_inviertepe.png  used on input line 202.
(pdftex.def)             Requested size: 71.1357pt x 19.4559pt.
File: inferior.png Graphic file (type png)
<use inferior.png>
Package pdftex.def Info: inferior.png  used on input line 202.
(pdftex.def)             Requested size: 597.50787pt x 64.46744pt.
 [5

 <./IMAGENES/9_2_8_50_KKenco_ccasa_equipo_de_trabajo_encargado_de_realizar_las_encuestas_organizandose_antes_de_separarse.jpg>]
<IMAGENES/9_02_9_04_Comunidad_CCASA_primer_encuestado_economista_realizando-demostracin_a_los_auxiliares.jpg, id=81, 1606.0pt x 1204.5pt>
File: IMAGENES/9_02_9_04_Comunidad_CCASA_primer_encuestado_economista_realizando-demostracin_a_los_auxiliares.jpg Graphic file (type jpg)
<use IMAGENES/9_02_9_04_Comunidad_CCASA_primer_encuestado_economista_realizando-demostracin_a_los_auxiliares.jpg>
Package pdftex.def Info: IMAGENES/9_02_9_04_Comunidad_CCASA_primer_encuestado_economista_realizando-demostracin_a_los_auxiliares.jpg  used on input line 214.
(pdftex.def)             Requested size: 455.2397pt x 341.42978pt.
File: logo_muni.png Graphic file (type png)
<use logo_muni.png>
Package pdftex.def Info: logo_muni.png  used on input line 214.
(pdftex.def)             Requested size: 47.8997pt x 59.75117pt.
File: logo_inviertepe.png Graphic file (type png)
<use logo_inviertepe.png>
Package pdftex.def Info: logo_inviertepe.png  used on input line 214.
(pdftex.def)             Requested size: 71.1357pt x 19.4559pt.
File: inferior.png Graphic file (type png)
<use inferior.png>
Package pdftex.def Info: inferior.png  used on input line 214.
(pdftex.def)             Requested size: 597.50787pt x 64.46744pt.
 [6

 <./IMAGENES/9_02_9_04_Comunidad_CCASA_primer_encuestado_economista_realizando-demostracin_a_los_auxiliares.jpg>]
<IMAGENES/9_02_9_29_presidente_de_la_comunidad_de_ccasa_en_el_terreno_donde_se_se_ejecutara_el_proyecto_garantizando_la_deisponibilidad-del_terreno.jpg, id=86, 1284.8pt x 963.6pt>
File: IMAGENES/9_02_9_29_presidente_de_la_comunidad_de_ccasa_en_el_terreno_donde_se_se_ejecutara_el_proyecto_garantizando_la_deisponibilidad-del_terreno.jpg Graphic file (type jpg)
<use IMAGENES/9_02_9_29_presidente_de_la_comunidad_de_ccasa_en_el_terreno_donde_se_se_ejecutara_el_proyecto_garantizando_la_deisponibilidad-del_terreno.jpg>
Package pdftex.def Info: IMAGENES/9_02_9_29_presidente_de_la_comunidad_de_ccasa_en_el_terreno_donde_se_se_ejecutara_el_proyecto_garantizando_la_deisponibilidad-del_terreno.jpg  used on input line 227.
(pdftex.def)             Requested size: 455.2348pt x 341.4261pt.
File: logo_muni.png Graphic file (type png)
<use logo_muni.png>
Package pdftex.def Info: logo_muni.png  used on input line 227.
(pdftex.def)             Requested size: 47.8997pt x 59.75117pt.
File: logo_inviertepe.png Graphic file (type png)
<use logo_inviertepe.png>
Package pdftex.def Info: logo_inviertepe.png  used on input line 227.
(pdftex.def)             Requested size: 71.1357pt x 19.4559pt.
File: inferior.png Graphic file (type png)
<use inferior.png>
Package pdftex.def Info: inferior.png  used on input line 227.
(pdftex.def)             Requested size: 597.50787pt x 64.46744pt.
 [7

 <./IMAGENES/9_02_9_29_presidente_de_la_comunidad_de_ccasa_en_el_terreno_donde_se_se_ejecutara_el_proyecto_garantizando_la_deisponibilidad-del_terreno.jpg>]
<IMAGENES/9_2_9_59_ENCUESTA_CASA_DE_adobe_servicio_de_agua_habitante_que_sabe_leer_idrigente_completando_encuesta.jpg, id=90, 1204.5pt x 1606.0pt>
File: IMAGENES/9_2_9_59_ENCUESTA_CASA_DE_adobe_servicio_de_agua_habitante_que_sabe_leer_idrigente_completando_encuesta.jpg Graphic file (type jpg)
<use IMAGENES/9_2_9_59_ENCUESTA_CASA_DE_adobe_servicio_de_agua_habitante_que_sabe_leer_idrigente_completando_encuesta.jpg>
Package pdftex.def Info: IMAGENES/9_2_9_59_ENCUESTA_CASA_DE_adobe_servicio_de_agua_habitante_que_sabe_leer_idrigente_completando_encuesta.jpg  used on input line 240.
(pdftex.def)             Requested size: 256.07692pt x 341.4359pt.
File: logo_muni.png Graphic file (type png)
<use logo_muni.png>
Package pdftex.def Info: logo_muni.png  used on input line 240.
(pdftex.def)             Requested size: 47.8997pt x 59.75117pt.
File: logo_inviertepe.png Graphic file (type png)
<use logo_inviertepe.png>
Package pdftex.def Info: logo_inviertepe.png  used on input line 240.
(pdftex.def)             Requested size: 71.1357pt x 19.4559pt.
File: inferior.png Graphic file (type png)
<use inferior.png>
Package pdftex.def Info: inferior.png  used on input line 240.
(pdftex.def)             Requested size: 597.50787pt x 64.46744pt.
 [8

 <./IMAGENES/9_2_9_59_ENCUESTA_CASA_DE_adobe_servicio_de_agua_habitante_que_sabe_leer_idrigente_completando_encuesta.jpg>]
<IMAGENES/9_02_10_20_encuestas_en_el-sector_parte_alta-de_casa_donde-se_consentra_la_menro_cantidad_de-pobladores.jpg, id=94, 1606.0pt x 1204.5pt>
File: IMAGENES/9_02_10_20_encuestas_en_el-sector_parte_alta-de_casa_donde-se_consentra_la_menro_cantidad_de-pobladores.jpg Graphic file (type jpg)
<use IMAGENES/9_02_10_20_encuestas_en_el-sector_parte_alta-de_casa_donde-se_consentra_la_menro_cantidad_de-pobladores.jpg>
Package pdftex.def Info: IMAGENES/9_02_10_20_encuestas_en_el-sector_parte_alta-de_casa_donde-se_consentra_la_menro_cantidad_de-pobladores.jpg  used on input line 253.
(pdftex.def)             Requested size: 455.2397pt x 341.42978pt.
File: logo_muni.png Graphic file (type png)
<use logo_muni.png>
Package pdftex.def Info: logo_muni.png  used on input line 253.
(pdftex.def)             Requested size: 47.8997pt x 59.75117pt.
File: logo_inviertepe.png Graphic file (type png)
<use logo_inviertepe.png>
Package pdftex.def Info: logo_inviertepe.png  used on input line 253.
(pdftex.def)             Requested size: 71.1357pt x 19.4559pt.
File: inferior.png Graphic file (type png)
<use inferior.png>
Package pdftex.def Info: inferior.png  used on input line 253.
(pdftex.def)             Requested size: 597.50787pt x 64.46744pt.
 [9

 <./IMAGENES/9_02_10_20_encuestas_en_el-sector_parte_alta-de_casa_donde-se_consentra_la_menro_cantidad_de-pobladores.jpg>]
<IMAGENES/9_02_10_24_vievienda_de_adobe_sin_techo_condicion_de_abandono_pero_con_acceso-a_energia_electrica_vienvienda.jpg, id=98, 1204.5pt x 1606.0pt>
File: IMAGENES/9_02_10_24_vievienda_de_adobe_sin_techo_condicion_de_abandono_pero_con_acceso-a_energia_electrica_vienvienda.jpg Graphic file (type jpg)
<use IMAGENES/9_02_10_24_vievienda_de_adobe_sin_techo_condicion_de_abandono_pero_con_acceso-a_energia_electrica_vienvienda.jpg>
Package pdftex.def Info: IMAGENES/9_02_10_24_vievienda_de_adobe_sin_techo_condicion_de_abandono_pero_con_acceso-a_energia_electrica_vienvienda.jpg  used on input line 266.
(pdftex.def)             Requested size: 256.07692pt x 341.4359pt.
File: logo_muni.png Graphic file (type png)
<use logo_muni.png>
Package pdftex.def Info: logo_muni.png  used on input line 266.
(pdftex.def)             Requested size: 47.8997pt x 59.75117pt.
File: logo_inviertepe.png Graphic file (type png)
<use logo_inviertepe.png>
Package pdftex.def Info: logo_inviertepe.png  used on input line 266.
(pdftex.def)             Requested size: 71.1357pt x 19.4559pt.
File: inferior.png Graphic file (type png)
<use inferior.png>
Package pdftex.def Info: inferior.png  used on input line 266.
(pdftex.def)             Requested size: 597.50787pt x 64.46744pt.
 [10

 <./IMAGENES/9_02_10_24_vievienda_de_adobe_sin_techo_condicion_de_abandono_pero_con_acceso-a_energia_electrica_vienvienda.jpg>]
<IMAGENES/9_2_10_24_monunidad_ccasa_comunero_alfabetizado_contestando_las_preguntas_del_cuestionario.jpg, id=102, 1606.0pt x 1204.5pt>
File: IMAGENES/9_2_10_24_monunidad_ccasa_comunero_alfabetizado_contestando_las_preguntas_del_cuestionario.jpg Graphic file (type jpg)
<use IMAGENES/9_2_10_24_monunidad_ccasa_comunero_alfabetizado_contestando_las_preguntas_del_cuestionario.jpg>
Package pdftex.def Info: IMAGENES/9_2_10_24_monunidad_ccasa_comunero_alfabetizado_contestando_las_preguntas_del_cuestionario.jpg  used on input line 278.
(pdftex.def)             Requested size: 455.2397pt x 341.42978pt.
File: logo_muni.png Graphic file (type png)
<use logo_muni.png>
Package pdftex.def Info: logo_muni.png  used on input line 278.
(pdftex.def)             Requested size: 47.8997pt x 59.75117pt.
File: logo_inviertepe.png Graphic file (type png)
<use logo_inviertepe.png>
Package pdftex.def Info: logo_inviertepe.png  used on input line 278.
(pdftex.def)             Requested size: 71.1357pt x 19.4559pt.
File: inferior.png Graphic file (type png)
<use inferior.png>
Package pdftex.def Info: inferior.png  used on input line 278.
(pdftex.def)             Requested size: 597.50787pt x 64.46744pt.
 [11

 <./IMAGENES/9_2_10_24_monunidad_ccasa_comunero_alfabetizado_contestando_las_preguntas_del_cuestionario.jpg>]
<IMAGENES/9_02_10_36_vivienda_de_material-noble_con-CON-acceso_a_energia_electrica_agua_y_saneamiento_en-el_transcursode_la_elaboracion_de_la_encuesta.jpg, id=106, 1606.0pt x 1204.5pt>
File: IMAGENES/9_02_10_36_vivienda_de_material-noble_con-CON-acceso_a_energia_electrica_agua_y_saneamiento_en-el_transcursode_la_elaboracion_de_la_encuesta.jpg Graphic file (type jpg)
<use IMAGENES/9_02_10_36_vivienda_de_material-noble_con-CON-acceso_a_energia_electrica_agua_y_saneamiento_en-el_transcursode_la_elaboracion_de_la_encuesta.jpg>
Package pdftex.def Info: IMAGENES/9_02_10_36_vivienda_de_material-noble_con-CON-acceso_a_energia_electrica_agua_y_saneamiento_en-el_transcursode_la_elaboracion_de_la_encuesta.jpg  used on input line 291.
(pdftex.def)             Requested size: 455.2397pt x 341.42978pt.
File: logo_muni.png Graphic file (type png)
<use logo_muni.png>
Package pdftex.def Info: logo_muni.png  used on input line 291.
(pdftex.def)             Requested size: 47.8997pt x 59.75117pt.
File: logo_inviertepe.png Graphic file (type png)
<use logo_inviertepe.png>
Package pdftex.def Info: logo_inviertepe.png  used on input line 291.
(pdftex.def)             Requested size: 71.1357pt x 19.4559pt.
File: inferior.png Graphic file (type png)
<use inferior.png>
Package pdftex.def Info: inferior.png  used on input line 291.
(pdftex.def)             Requested size: 597.50787pt x 64.46744pt.
 [12

 <./IMAGENES/9_02_10_36_vivienda_de_material-noble_con-CON-acceso_a_energia_electrica_agua_y_saneamiento_en-el_transcursode_la_elaboracion_de_la_encuesta.jpg>]
<IMAGENES/9_2_10_39_ENCUESTA.jpg, id=111, 1606.0pt x 1204.5pt>
File: IMAGENES/9_2_10_39_ENCUESTA.jpg Graphic file (type jpg)
<use IMAGENES/9_2_10_39_ENCUESTA.jpg>
Package pdftex.def Info: IMAGENES/9_2_10_39_ENCUESTA.jpg  used on input line 303.
(pdftex.def)             Requested size: 455.2397pt x 341.42978pt.
File: logo_muni.png Graphic file (type png)
<use logo_muni.png>
Package pdftex.def Info: logo_muni.png  used on input line 303.
(pdftex.def)             Requested size: 47.8997pt x 59.75117pt.
File: logo_inviertepe.png Graphic file (type png)
<use logo_inviertepe.png>
Package pdftex.def Info: logo_inviertepe.png  used on input line 303.
(pdftex.def)             Requested size: 71.1357pt x 19.4559pt.
File: inferior.png Graphic file (type png)
<use inferior.png>
Package pdftex.def Info: inferior.png  used on input line 303.
(pdftex.def)             Requested size: 597.50787pt x 64.46744pt.
 [13

 <./IMAGENES/9_2_10_39_ENCUESTA.jpg>]
<IMAGENES/9_02_10_42_CENTRO_DE_SALUD_de_la_comuniidada_campesina_de_ccasa_en_buen_estado_constrataciondelaexustencia_de_la_posta_medica_despues_de_las_encuestas.jpg, id=115, 1606.0pt x 1204.5pt>
File: IMAGENES/9_02_10_42_CENTRO_DE_SALUD_de_la_comuniidada_campesina_de_ccasa_en_buen_estado_constrataciondelaexustencia_de_la_posta_medica_despues_de_las_encuestas.jpg Graphic file (type jpg)
<use IMAGENES/9_02_10_42_CENTRO_DE_SALUD_de_la_comuniidada_campesina_de_ccasa_en_buen_estado_constrataciondelaexustencia_de_la_posta_medica_despues_de_las_encuestas.jpg>
Package pdftex.def Info: IMAGENES/9_02_10_42_CENTRO_DE_SALUD_de_la_comuniidada_campesina_de_ccasa_en_buen_estado_constrataciondelaexustencia_de_la_posta_medica_despues_de_las_encuestas.jpg  used on input line 315.
(pdftex.def)             Requested size: 455.2397pt x 341.42978pt.
File: logo_muni.png Graphic file (type png)
<use logo_muni.png>
Package pdftex.def Info: logo_muni.png  used on input line 315.
(pdftex.def)             Requested size: 47.8997pt x 59.75117pt.
File: logo_inviertepe.png Graphic file (type png)
<use logo_inviertepe.png>
Package pdftex.def Info: logo_inviertepe.png  used on input line 315.
(pdftex.def)             Requested size: 71.1357pt x 19.4559pt.
File: inferior.png Graphic file (type png)
<use inferior.png>
Package pdftex.def Info: inferior.png  used on input line 315.
(pdftex.def)             Requested size: 597.50787pt x 64.46744pt.
 [14

 <./IMAGENES/9_02_10_42_CENTRO_DE_SALUD_de_la_comuniidada_campesina_de_ccasa_en_buen_estado_constrataciondelaexustencia_de_la_posta_medica_despues_de_las_encuestas.jpg>]
<IMAGENES/9_02_10_47_kkenko_ccasa_la_visualizacion_de_una_vivienda_de_adobe_y_techo_de_calamina_ypuente__elaborado_sin_acceso_a_energia_electrica.jpg, id=119, 1606.0pt x 1204.5pt>
File: IMAGENES/9_02_10_47_kkenko_ccasa_la_visualizacion_de_una_vivienda_de_adobe_y_techo_de_calamina_ypuente__elaborado_sin_acceso_a_energia_electrica.jpg Graphic file (type jpg)
<use IMAGENES/9_02_10_47_kkenko_ccasa_la_visualizacion_de_una_vivienda_de_adobe_y_techo_de_calamina_ypuente__elaborado_sin_acceso_a_energia_electrica.jpg>
Package pdftex.def Info: IMAGENES/9_02_10_47_kkenko_ccasa_la_visualizacion_de_una_vivienda_de_adobe_y_techo_de_calamina_ypuente__elaborado_sin_acceso_a_energia_electrica.jpg  used on input line 327.
(pdftex.def)             Requested size: 455.2397pt x 341.42978pt.
File: logo_muni.png Graphic file (type png)
<use logo_muni.png>
Package pdftex.def Info: logo_muni.png  used on input line 327.
(pdftex.def)             Requested size: 47.8997pt x 59.75117pt.
File: logo_inviertepe.png Graphic file (type png)
<use logo_inviertepe.png>
Package pdftex.def Info: logo_inviertepe.png  used on input line 327.
(pdftex.def)             Requested size: 71.1357pt x 19.4559pt.
File: inferior.png Graphic file (type png)
<use inferior.png>
Package pdftex.def Info: inferior.png  used on input line 327.
(pdftex.def)             Requested size: 597.50787pt x 64.46744pt.
 [15

 <./IMAGENES/9_02_10_47_kkenko_ccasa_la_visualizacion_de_una_vivienda_de_adobe_y_techo_de_calamina_ypuente__elaborado_sin_acceso_a_energia_electrica.jpg>]
<IMAGENES/9_02_10_53_econommista_alex_alarcon_cabrera_junto_a_la_entrada_del_coelgio_de_ccasa_comprobando_la_existencia_de_una.jpg, id=123, 1606.0pt x 1204.5pt>
File: IMAGENES/9_02_10_53_econommista_alex_alarcon_cabrera_junto_a_la_entrada_del_coelgio_de_ccasa_comprobando_la_existencia_de_una.jpg Graphic file (type jpg)
<use IMAGENES/9_02_10_53_econommista_alex_alarcon_cabrera_junto_a_la_entrada_del_coelgio_de_ccasa_comprobando_la_existencia_de_una.jpg>
Package pdftex.def Info: IMAGENES/9_02_10_53_econommista_alex_alarcon_cabrera_junto_a_la_entrada_del_coelgio_de_ccasa_comprobando_la_existencia_de_una.jpg  used on input line 340.
(pdftex.def)             Requested size: 455.2397pt x 341.42978pt.
File: logo_muni.png Graphic file (type png)
<use logo_muni.png>
Package pdftex.def Info: logo_muni.png  used on input line 340.
(pdftex.def)             Requested size: 47.8997pt x 59.75117pt.
File: logo_inviertepe.png Graphic file (type png)
<use logo_inviertepe.png>
Package pdftex.def Info: logo_inviertepe.png  used on input line 340.
(pdftex.def)             Requested size: 71.1357pt x 19.4559pt.
File: inferior.png Graphic file (type png)
<use inferior.png>
Package pdftex.def Info: inferior.png  used on input line 340.
(pdftex.def)             Requested size: 597.50787pt x 64.46744pt.
 [16

 <./IMAGENES/9_02_10_53_econommista_alex_alarcon_cabrera_junto_a_la_entrada_del_coelgio_de_ccasa_comprobando_la_existencia_de_una.jpg>]
<IMAGENES/9_02_10_53_segunda_toma_exclusiva_del-colegio_de_ccasa_que_funciona_como_inicial_primaria_y_secundaria.jpg, id=127, 1204.5pt x 1606.0pt>
File: IMAGENES/9_02_10_53_segunda_toma_exclusiva_del-colegio_de_ccasa_que_funciona_como_inicial_primaria_y_secundaria.jpg Graphic file (type jpg)
<use IMAGENES/9_02_10_53_segunda_toma_exclusiva_del-colegio_de_ccasa_que_funciona_como_inicial_primaria_y_secundaria.jpg>
Package pdftex.def Info: IMAGENES/9_02_10_53_segunda_toma_exclusiva_del-colegio_de_ccasa_que_funciona_como_inicial_primaria_y_secundaria.jpg  used on input line 352.
(pdftex.def)             Requested size: 256.07692pt x 341.4359pt.
File: logo_muni.png Graphic file (type png)
<use logo_muni.png>
Package pdftex.def Info: logo_muni.png  used on input line 352.
(pdftex.def)             Requested size: 47.8997pt x 59.75117pt.
File: logo_inviertepe.png Graphic file (type png)
<use logo_inviertepe.png>
Package pdftex.def Info: logo_inviertepe.png  used on input line 352.
(pdftex.def)             Requested size: 71.1357pt x 19.4559pt.
File: inferior.png Graphic file (type png)
<use inferior.png>
Package pdftex.def Info: inferior.png  used on input line 352.
(pdftex.def)             Requested size: 597.50787pt x 64.46744pt.
 [17

 <./IMAGENES/9_02_10_53_segunda_toma_exclusiva_del-colegio_de_ccasa_que_funciona_como_inicial_primaria_y_secundaria.jpg>]
<IMAGENES/9_02_11_8_SSHH_del_local_improvisado_del_consejo_menor_SSHH_de_la_cancha_sintetica_infraestuctura_con_uso_exclusivo_de_actividades_deprtivas.jpg, id=131, 1606.0pt x 1204.5pt>
File: IMAGENES/9_02_11_8_SSHH_del_local_improvisado_del_consejo_menor_SSHH_de_la_cancha_sintetica_infraestuctura_con_uso_exclusivo_de_actividades_deprtivas.jpg Graphic file (type jpg)
<use IMAGENES/9_02_11_8_SSHH_del_local_improvisado_del_consejo_menor_SSHH_de_la_cancha_sintetica_infraestuctura_con_uso_exclusivo_de_actividades_deprtivas.jpg>
Package pdftex.def Info: IMAGENES/9_02_11_8_SSHH_del_local_improvisado_del_consejo_menor_SSHH_de_la_cancha_sintetica_infraestuctura_con_uso_exclusivo_de_actividades_deprtivas.jpg  used on input line 365.
(pdftex.def)             Requested size: 455.2397pt x 341.42978pt.
File: logo_muni.png Graphic file (type png)
<use logo_muni.png>
Package pdftex.def Info: logo_muni.png  used on input line 365.
(pdftex.def)             Requested size: 47.8997pt x 59.75117pt.
File: logo_inviertepe.png Graphic file (type png)
<use logo_inviertepe.png>
Package pdftex.def Info: logo_inviertepe.png  used on input line 365.
(pdftex.def)             Requested size: 71.1357pt x 19.4559pt.
File: inferior.png Graphic file (type png)
<use inferior.png>
Package pdftex.def Info: inferior.png  used on input line 365.
(pdftex.def)             Requested size: 597.50787pt x 64.46744pt.
 [18

 <./IMAGENES/9_02_11_8_SSHH_del_local_improvisado_del_consejo_menor_SSHH_de_la_cancha_sintetica_infraestuctura_con_uso_exclusivo_de_actividades_deprtivas.jpg>]
<IMAGENES/9_02_consattacion_de_la_existencia_de_casa-_de_material_noble_en_el_tramnscurso_de_realizar_la_encuesta_material_noble_qone_wasi.jpg, id=136, 1606.0pt x 1204.5pt>
File: IMAGENES/9_02_consattacion_de_la_existencia_de_casa-_de_material_noble_en_el_tramnscurso_de_realizar_la_encuesta_material_noble_qone_wasi.jpg Graphic file (type jpg)
<use IMAGENES/9_02_consattacion_de_la_existencia_de_casa-_de_material_noble_en_el_tramnscurso_de_realizar_la_encuesta_material_noble_qone_wasi.jpg>
Package pdftex.def Info: IMAGENES/9_02_consattacion_de_la_existencia_de_casa-_de_material_noble_en_el_tramnscurso_de_realizar_la_encuesta_material_noble_qone_wasi.jpg  used on input line 378.
(pdftex.def)             Requested size: 455.2397pt x 341.42978pt.
File: logo_muni.png Graphic file (type png)
<use logo_muni.png>
Package pdftex.def Info: logo_muni.png  used on input line 378.
(pdftex.def)             Requested size: 47.8997pt x 59.75117pt.
File: logo_inviertepe.png Graphic file (type png)
<use logo_inviertepe.png>
Package pdftex.def Info: logo_inviertepe.png  used on input line 378.
(pdftex.def)             Requested size: 71.1357pt x 19.4559pt.
File: inferior.png Graphic file (type png)
<use inferior.png>
Package pdftex.def Info: inferior.png  used on input line 378.
(pdftex.def)             Requested size: 597.50787pt x 64.46744pt.
 [19

 <./IMAGENES/9_02_consattacion_de_la_existencia_de_casa-_de_material_noble_en_el_tramnscurso_de_realizar_la_encuesta_material_noble_qone_wasi.jpg>]
<IMAGENES/9_2_11_26_ENCUESTA.jpg, id=140, 1204.5pt x 1606.0pt>
File: IMAGENES/9_2_11_26_ENCUESTA.jpg Graphic file (type jpg)
<use IMAGENES/9_2_11_26_ENCUESTA.jpg>
Package pdftex.def Info: IMAGENES/9_2_11_26_ENCUESTA.jpg  used on input line 390.
(pdftex.def)             Requested size: 256.07692pt x 341.4359pt.
File: logo_muni.png Graphic file (type png)
<use logo_muni.png>
Package pdftex.def Info: logo_muni.png  used on input line 390.
(pdftex.def)             Requested size: 47.8997pt x 59.75117pt.
File: logo_inviertepe.png Graphic file (type png)
<use logo_inviertepe.png>
Package pdftex.def Info: logo_inviertepe.png  used on input line 390.
(pdftex.def)             Requested size: 71.1357pt x 19.4559pt.
File: inferior.png Graphic file (type png)
<use inferior.png>
Package pdftex.def Info: inferior.png  used on input line 390.
(pdftex.def)             Requested size: 597.50787pt x 64.46744pt.
 [20

 <./IMAGENES/9_2_11_26_ENCUESTA.jpg>]
<IMAGENES/9_02_11_27_encuesta_a_comunero_dirigentel_sector_Kencco_kasa_opiniones_con_mas_relevancia_por_parete_de_uno_del_auxiliar_proxima_ing_Nayda_Quispe.jpg, id=144, 1606.0pt x 1202.4925pt>
File: IMAGENES/9_02_11_27_encuesta_a_comunero_dirigentel_sector_Kencco_kasa_opiniones_con_mas_relevancia_por_parete_de_uno_del_auxiliar_proxima_ing_Nayda_Quispe.jpg Graphic file (type jpg)
<use IMAGENES/9_02_11_27_encuesta_a_comunero_dirigentel_sector_Kencco_kasa_opiniones_con_mas_relevancia_por_parete_de_uno_del_auxiliar_proxima_ing_Nayda_Quispe.jpg>
Package pdftex.def Info: IMAGENES/9_02_11_27_encuesta_a_comunero_dirigentel_sector_Kencco_kasa_opiniones_con_mas_relevancia_por_parete_de_uno_del_auxiliar_proxima_ing_Nayda_Quispe.jpg  used on input line 403.
(pdftex.def)             Requested size: 455.99937pt x 341.42952pt.
File: logo_muni.png Graphic file (type png)
<use logo_muni.png>
Package pdftex.def Info: logo_muni.png  used on input line 403.
(pdftex.def)             Requested size: 47.8997pt x 59.75117pt.
File: logo_inviertepe.png Graphic file (type png)
<use logo_inviertepe.png>
Package pdftex.def Info: logo_inviertepe.png  used on input line 403.
(pdftex.def)             Requested size: 71.1357pt x 19.4559pt.
File: inferior.png Graphic file (type png)
<use inferior.png>
Package pdftex.def Info: inferior.png  used on input line 403.
(pdftex.def)             Requested size: 597.50787pt x 64.46744pt.
 [21

 <./IMAGENES/9_02_11_27_encuesta_a_comunero_dirigentel_sector_Kencco_kasa_opiniones_con_mas_relevancia_por_parete_de_uno_del_auxiliar_proxima_ing_Nayda_Quispe.jpg>]
<IMAGENES/9_2_15_16_cordinacion_con_el_alcalde_del_consejp_menor_en_oficina_de_unidad-formuladora_economista_alex_y_el_ing_jhonfhay_kennedy.jpg, id=148, 1606.0pt x 1204.5pt>
File: IMAGENES/9_2_15_16_cordinacion_con_el_alcalde_del_consejp_menor_en_oficina_de_unidad-formuladora_economista_alex_y_el_ing_jhonfhay_kennedy.jpg Graphic file (type jpg)
<use IMAGENES/9_2_15_16_cordinacion_con_el_alcalde_del_consejp_menor_en_oficina_de_unidad-formuladora_economista_alex_y_el_ing_jhonfhay_kennedy.jpg>
Package pdftex.def Info: IMAGENES/9_2_15_16_cordinacion_con_el_alcalde_del_consejp_menor_en_oficina_de_unidad-formuladora_economista_alex_y_el_ing_jhonfhay_kennedy.jpg  used on input line 416.
(pdftex.def)             Requested size: 455.2397pt x 341.42978pt.
File: logo_muni.png Graphic file (type png)
<use logo_muni.png>
Package pdftex.def Info: logo_muni.png  used on input line 416.
(pdftex.def)             Requested size: 47.8997pt x 59.75117pt.
File: logo_inviertepe.png Graphic file (type png)
<use logo_inviertepe.png>
Package pdftex.def Info: logo_inviertepe.png  used on input line 416.
(pdftex.def)             Requested size: 71.1357pt x 19.4559pt.
File: inferior.png Graphic file (type png)
<use inferior.png>
Package pdftex.def Info: inferior.png  used on input line 416.
(pdftex.def)             Requested size: 597.50787pt x 64.46744pt.
 [22

 <./IMAGENES/9_2_15_16_cordinacion_con_el_alcalde_del_consejp_menor_en_oficina_de_unidad-formuladora_economista_alex_y_el_ing_jhonfhay_kennedy.jpg>]
<IMAGENES/19_02_9_30_reunicon_con_el_arquitecto_y_dirigentes_del_consejo_menor_con_economista_observand_en_pantalla_el_estado_del_proyecto.jpg, id=152, 1606.0pt x 1204.5pt>
File: IMAGENES/19_02_9_30_reunicon_con_el_arquitecto_y_dirigentes_del_consejo_menor_con_economista_observand_en_pantalla_el_estado_del_proyecto.jpg Graphic file (type jpg)
<use IMAGENES/19_02_9_30_reunicon_con_el_arquitecto_y_dirigentes_del_consejo_menor_con_economista_observand_en_pantalla_el_estado_del_proyecto.jpg>
Package pdftex.def Info: IMAGENES/19_02_9_30_reunicon_con_el_arquitecto_y_dirigentes_del_consejo_menor_con_economista_observand_en_pantalla_el_estado_del_proyecto.jpg  used on input line 429.
(pdftex.def)             Requested size: 455.2397pt x 341.42978pt.
File: logo_muni.png Graphic file (type png)
<use logo_muni.png>
Package pdftex.def Info: logo_muni.png  used on input line 429.
(pdftex.def)             Requested size: 47.8997pt x 59.75117pt.
File: logo_inviertepe.png Graphic file (type png)
<use logo_inviertepe.png>
Package pdftex.def Info: logo_inviertepe.png  used on input line 429.
(pdftex.def)             Requested size: 71.1357pt x 19.4559pt.
File: inferior.png Graphic file (type png)
<use inferior.png>
Package pdftex.def Info: inferior.png  used on input line 429.
(pdftex.def)             Requested size: 597.50787pt x 64.46744pt.
 [23

 <./IMAGENES/19_02_9_30_reunicon_con_el_arquitecto_y_dirigentes_del_consejo_menor_con_economista_observand_en_pantalla_el_estado_del_proyecto.jpg>]
<IMAGENES/19_02_9_37_oficina_unidad_formuladora_cordianacion_con_el_ing_ambiental_Paul_VIdal_mamani_vera.jpg, id=156, 1606.0pt x 1204.5pt>
File: IMAGENES/19_02_9_37_oficina_unidad_formuladora_cordianacion_con_el_ing_ambiental_Paul_VIdal_mamani_vera.jpg Graphic file (type jpg)
<use IMAGENES/19_02_9_37_oficina_unidad_formuladora_cordianacion_con_el_ing_ambiental_Paul_VIdal_mamani_vera.jpg>
Package pdftex.def Info: IMAGENES/19_02_9_37_oficina_unidad_formuladora_cordianacion_con_el_ing_ambiental_Paul_VIdal_mamani_vera.jpg  used on input line 442.
(pdftex.def)             Requested size: 455.2397pt x 341.42978pt.
File: logo_muni.png Graphic file (type png)
<use logo_muni.png>
Package pdftex.def Info: logo_muni.png  used on input line 442.
(pdftex.def)             Requested size: 47.8997pt x 59.75117pt.
File: logo_inviertepe.png Graphic file (type png)
<use logo_inviertepe.png>
Package pdftex.def Info: logo_inviertepe.png  used on input line 442.
(pdftex.def)             Requested size: 71.1357pt x 19.4559pt.
File: inferior.png Graphic file (type png)
<use inferior.png>
Package pdftex.def Info: inferior.png  used on input line 442.
(pdftex.def)             Requested size: 597.50787pt x 64.46744pt.
 [24

 <./IMAGENES/19_02_9_37_oficina_unidad_formuladora_cordianacion_con_el_ing_ambiental_Paul_VIdal_mamani_vera.jpg>]
<IMAGENES/oficina_de_unidad_formuladora_cordinacion_con_los_dirigentes_del_consejo_menor_deccasa_con_el_arqitecto_yeconomiista.jpg, id=161, 1606.0pt x 1204.5pt>
File: IMAGENES/oficina_de_unidad_formuladora_cordinacion_con_los_dirigentes_del_consejo_menor_deccasa_con_el_arqitecto_yeconomiista.jpg Graphic file (type jpg)
<use IMAGENES/oficina_de_unidad_formuladora_cordinacion_con_los_dirigentes_del_consejo_menor_deccasa_con_el_arqitecto_yeconomiista.jpg>
Package pdftex.def Info: IMAGENES/oficina_de_unidad_formuladora_cordinacion_con_los_dirigentes_del_consejo_menor_deccasa_con_el_arqitecto_yeconomiista.jpg  used on input line 455.
(pdftex.def)             Requested size: 455.2397pt x 341.42978pt.
File: logo_muni.png Graphic file (type png)
<use logo_muni.png>
Package pdftex.def Info: logo_muni.png  used on input line 455.
(pdftex.def)             Requested size: 47.8997pt x 59.75117pt.
File: logo_inviertepe.png Graphic file (type png)
<use logo_inviertepe.png>
Package pdftex.def Info: logo_inviertepe.png  used on input line 455.
(pdftex.def)             Requested size: 71.1357pt x 19.4559pt.
File: inferior.png Graphic file (type png)
<use inferior.png>
Package pdftex.def Info: inferior.png  used on input line 455.
(pdftex.def)             Requested size: 597.50787pt x 64.46744pt.
 [25

 <./IMAGENES/oficina_de_unidad_formuladora_cordinacion_con_los_dirigentes_del_consejo_menor_deccasa_con_el_arqitecto_yeconomiista.jpg>] (c:\Users\USER\OneDrive\Desktop\DIGITALIZACION\CCASSA\ARCHIVOS_PANEL FOTOGRÁFICO\%OUTDIR%\panel.aux
LaTeX Info: Redefining \. on input line 8.
LaTeX Info: Redefining \% on input line 8.
)
 ***********
LaTeX2e <2023-11-01> patch level 1
L3 programming layer <2024-01-04>
 ***********


LaTeX Font Warning: Size substitutions with differences
(Font)              up to 1.26pt have occurred.

 ) 
Here is how much of TeX's memory you used:
 24984 strings out of 474479
 552626 string characters out of 5744062
 1931542 words of memory out of 5000000
 46759 multiletter control sequences out of 15000+600000
 574490 words of font info for 118 fonts, out of 8000000 for 9000
 1141 hyphenation exceptions out of 8191
 93i,15n,99p,1085b,1000s stack positions out of 10000i,1000n,20000p,200000b,200000s
<C:/Users/USER/AppData/Local/Programs/MiKTeX/fonts/type1/public/cm-super/sfbx0500.pfb><C:/Users/USER/AppData/Local/Programs/MiKTeX/fonts/type1/public/cm-super/sfbx0900.pfb><C:/Users/USER/AppData/Local/Programs/MiKTeX/fonts/type1/public/cm-super/sfbx1000.pfb><C:/Users/USER/AppData/Local/Programs/MiKTeX/fonts/type1/public/cm-super/sfbx1095.pfb><C:/Users/USER/AppData/Local/Programs/MiKTeX/fonts/type1/public/cm-super/sfbx2074.pfb><C:/Users/USER/AppData/Local/Programs/MiKTeX/fonts/type1/public/cm-super/sfrm0900.pfb><C:/Users/USER/AppData/Local/Programs/MiKTeX/fonts/type1/public/cm-super/sfrm1000.pfb><C:/Users/USER/AppData/Local/Programs/MiKTeX/fonts/type1/public/cm-super/sfrm1095.pfb><C:/Users/USER/AppData/Local/Programs/MiKTeX/fonts/type1/public/cm-super/sfrm1200.pfb><C:/Users/USER/AppData/Local/Programs/MiKTeX/fonts/type1/public/cm-super/sfti0900.pfb>
Output written on "c:\Users\USER\OneDrive\Desktop\DIGITALIZACION\CCASSA\ARCHIVOS_PANEL FOTOGRÁFICO\%OUTDIR%\panel.pdf" (26 pages, 8128557 bytes).
PDF statistics:
 208 PDF objects out of 1000 (max. 8388607)
 0 named destinations out of 1000 (max. 500000)
 31017 words of extra memory for PDF output out of 35830 (max. 10000000)

